<?xml version="1.0" encoding="UTF-8"?>
<robot generator="Robot 5.0.1 (Python 3.6.8 on linux)" generated="20220526 11:43:51.288" rpa="false" schemaversion="3">
<suite id="s1" name="Tests" source="/home/omesharm/OracleDev/POC/RobotPoc/tests">
<suite id="s1-s1" name="Gherkin Login" source="/home/omesharm/OracleDev/POC/RobotPoc/tests/gherkin_login.robot">
<test id="s1-s1-t1" name="Valid Login" line="10">
<kw name="Given browser is opened to login page">
<kw name="Open Browser To Login Page" library="resource">
<kw name="Open Browser" library="SeleniumLibrary">
<arg>${LOGIN URL}</arg>
<arg>${BROWSER}</arg>
<doc>Opens a new browser instance to the optional ``url``.</doc>
<msg timestamp="20220526 11:43:51.491" level="INFO">Opening browser 'Firefox' to base url '&lt;a href=""&gt;http://&lt;/a&gt;localhost:7272/'.</msg>
<msg timestamp="20220526 11:43:51.491" level="INFO">Firefox driver log is always forced to to: /home/omesharm/OracleDev/POC/RobotPoc/geckodriver-13.log</msg>
<kw name="Capture Page Screenshot" library="SeleniumLibrary">
<doc>Takes a screenshot of the current page and embeds it into a log file.</doc>
<msg timestamp="20220526 11:43:56.235" level="INFO" html="true">&lt;/td&gt;&lt;/tr&gt;&lt;tr&gt;&lt;td colspan="3"&gt;&lt;a href="selenium-screenshot-7.png"&gt;&lt;img src="selenium-screenshot-7.png" width="800px"&gt;&lt;/a&gt;</msg>
<status status="PASS" starttime="20220526 11:43:56.184" endtime="20220526 11:43:56.235"/>
</kw>
<msg timestamp="20220526 11:43:56.237" level="FAIL">InvalidArgumentException: Message: Malformed URL: URL constructor: &lt;a href=""&gt;http://&lt;/a&gt;localhost:7272/ is not a valid URL.
</msg>
<status status="FAIL" starttime="20220526 11:43:51.490" endtime="20220526 11:43:56.238"/>
</kw>
<kw name="Maximize Browser Window" library="SeleniumLibrary">
<doc>Maximizes current browser window.</doc>
<status status="NOT RUN" starttime="20220526 11:43:56.242" endtime="20220526 11:43:56.242"/>
</kw>
<kw name="Set Selenium Speed" library="SeleniumLibrary">
<arg>${DELAY}</arg>
<doc>Sets the delay that is waited after each Selenium command.</doc>
<status status="NOT RUN" starttime="20220526 11:43:56.242" endtime="20220526 11:43:56.243"/>
</kw>
<kw name="Login Page Should Be Open" library="resource">
<status status="NOT RUN" starttime="20220526 11:43:56.243" endtime="20220526 11:43:56.243"/>
</kw>
<status status="FAIL" starttime="20220526 11:43:51.490" endtime="20220526 11:43:56.245"/>
</kw>
<status status="FAIL" starttime="20220526 11:43:51.489" endtime="20220526 11:43:56.246"/>
</kw>
<kw name="When user &quot;demo&quot; logs in with password &quot;mode&quot;" sourcename="User &quot;${username}&quot; logs in with password &quot;${password}&quot;">
<status status="NOT RUN" starttime="20220526 11:43:56.247" endtime="20220526 11:43:56.247"/>
</kw>
<kw name="Then welcome page should be open" library="resource">
<status status="NOT RUN" starttime="20220526 11:43:56.248" endtime="20220526 11:43:56.248"/>
</kw>
<kw name="Close Browser" library="SeleniumLibrary" type="TEARDOWN">
<doc>Closes the current browser.</doc>
<status status="PASS" starttime="20220526 11:43:56.248" endtime="20220526 11:43:57.134"/>
</kw>
<status status="FAIL" starttime="20220526 11:43:51.487" endtime="20220526 11:43:57.134">InvalidArgumentException: Message: Malformed URL: URL constructor: &lt;a href=""&gt;http://&lt;/a&gt;localhost:7272/ is not a valid URL.
</status>
</test>
<doc>A test suite with a single Gherkin style test.

This test is functionally identical to the example in
valid_login.robot file.</doc>
<status status="FAIL" starttime="20220526 11:43:51.316" endtime="20220526 11:43:57.136"/>
</suite>
<suite id="s1-s2" name="Invalid Login" source="/home/omesharm/OracleDev/POC/RobotPoc/tests/invalid_login.robot">
<kw name="Open Browser To Login Page" library="resource" type="SETUP">
<kw name="Open Browser" library="SeleniumLibrary">
<arg>${LOGIN URL}</arg>
<arg>${BROWSER}</arg>
<doc>Opens a new browser instance to the optional ``url``.</doc>
<msg timestamp="20220526 11:43:57.161" level="INFO">Opening browser 'Firefox' to base url '&lt;a href=""&gt;http://&lt;/a&gt;localhost:7272/'.</msg>
<msg timestamp="20220526 11:43:57.162" level="INFO">Firefox driver log is always forced to to: /home/omesharm/OracleDev/POC/RobotPoc/geckodriver-14.log</msg>
<kw name="Capture Page Screenshot" library="SeleniumLibrary">
<doc>Takes a screenshot of the current page and embeds it into a log file.</doc>
<msg timestamp="20220526 11:44:02.141" level="INFO" html="true">&lt;/td&gt;&lt;/tr&gt;&lt;tr&gt;&lt;td colspan="3"&gt;&lt;a href="selenium-screenshot-8.png"&gt;&lt;img src="selenium-screenshot-8.png" width="800px"&gt;&lt;/a&gt;</msg>
<status status="PASS" starttime="20220526 11:44:02.094" endtime="20220526 11:44:02.141"/>
</kw>
<msg timestamp="20220526 11:44:02.141" level="FAIL">InvalidArgumentException: Message: Malformed URL: URL constructor: &lt;a href=""&gt;http://&lt;/a&gt;localhost:7272/ is not a valid URL.
</msg>
<status status="FAIL" starttime="20220526 11:43:57.159" endtime="20220526 11:44:02.142"/>
</kw>
<kw name="Maximize Browser Window" library="SeleniumLibrary">
<doc>Maximizes current browser window.</doc>
<status status="NOT RUN" starttime="20220526 11:44:02.142" endtime="20220526 11:44:02.142"/>
</kw>
<kw name="Set Selenium Speed" library="SeleniumLibrary">
<arg>${DELAY}</arg>
<doc>Sets the delay that is waited after each Selenium command.</doc>
<status status="NOT RUN" starttime="20220526 11:44:02.142" endtime="20220526 11:44:02.142"/>
</kw>
<kw name="Login Page Should Be Open" library="resource">
<status status="NOT RUN" starttime="20220526 11:44:02.142" endtime="20220526 11:44:02.142"/>
</kw>
<status status="FAIL" starttime="20220526 11:43:57.156" endtime="20220526 11:44:02.143"/>
</kw>
<test id="s1-s2-t1" name="Invalid Username" line="17">
<status status="FAIL" starttime="20220526 11:44:02.143" endtime="20220526 11:44:02.144">Parent suite setup failed:
InvalidArgumentException: Message: Malformed URL: URL constructor: &lt;a href=""&gt;http://&lt;/a&gt;localhost:7272/ is not a valid URL.
</status>
</test>
<test id="s1-s2-t2" name="Invalid Password" line="18">
<status status="FAIL" starttime="20220526 11:44:02.145" endtime="20220526 11:44:02.145">Parent suite setup failed:
InvalidArgumentException: Message: Malformed URL: URL constructor: &lt;a href=""&gt;http://&lt;/a&gt;localhost:7272/ is not a valid URL.
</status>
</test>
<test id="s1-s2-t3" name="Invalid Username And Password" line="19">
<status status="FAIL" starttime="20220526 11:44:02.146" endtime="20220526 11:44:02.147">Parent suite setup failed:
InvalidArgumentException: Message: Malformed URL: URL constructor: &lt;a href=""&gt;http://&lt;/a&gt;localhost:7272/ is not a valid URL.
</status>
</test>
<test id="s1-s2-t4" name="Empty Username" line="20">
<status status="FAIL" starttime="20220526 11:44:02.148" endtime="20220526 11:44:02.148">Parent suite setup failed:
InvalidArgumentException: Message: Malformed URL: URL constructor: &lt;a href=""&gt;http://&lt;/a&gt;localhost:7272/ is not a valid URL.
</status>
</test>
<test id="s1-s2-t5" name="Empty Password" line="21">
<status status="FAIL" starttime="20220526 11:44:02.149" endtime="20220526 11:44:02.150">Parent suite setup failed:
InvalidArgumentException: Message: Malformed URL: URL constructor: &lt;a href=""&gt;http://&lt;/a&gt;localhost:7272/ is not a valid URL.
</status>
</test>
<test id="s1-s2-t6" name="Empty Username And Password" line="22">
<status status="FAIL" starttime="20220526 11:44:02.150" endtime="20220526 11:44:02.151">Parent suite setup failed:
InvalidArgumentException: Message: Malformed URL: URL constructor: &lt;a href=""&gt;http://&lt;/a&gt;localhost:7272/ is not a valid URL.
</status>
</test>
<kw name="Close Browser" library="SeleniumLibrary" type="TEARDOWN">
<doc>Closes the current browser.</doc>
<status status="PASS" starttime="20220526 11:44:02.152" endtime="20220526 11:44:02.910"/>
</kw>
<doc>A test suite containing tests related to invalid login.

These tests are data-driven by their nature. They use a single
keyword, specified with Test Template setting, that is called
with different arguments to cover different scenarios.

This suite also demonstrates using setups and teardowns in
different levels.</doc>
<status status="FAIL" starttime="20220526 11:43:57.142" endtime="20220526 11:44:02.910">Suite setup failed:
InvalidArgumentException: Message: Malformed URL: URL constructor: &lt;a href=""&gt;http://&lt;/a&gt;localhost:7272/ is not a valid URL.
</status>
</suite>
<suite id="s1-s3" name="Valid Login" source="/home/omesharm/OracleDev/POC/RobotPoc/tests/valid_login.robot">
<test id="s1-s3-t1" name="Valid Login" line="9">
<kw name="Open Browser To Login Page" library="resource">
<kw name="Open Browser" library="SeleniumLibrary">
<arg>${LOGIN URL}</arg>
<arg>${BROWSER}</arg>
<doc>Opens a new browser instance to the optional ``url``.</doc>
<msg timestamp="20220526 11:44:02.932" level="INFO">Opening browser 'Firefox' to base url '&lt;a href=""&gt;http://&lt;/a&gt;localhost:7272/'.</msg>
<msg timestamp="20220526 11:44:02.933" level="INFO">Firefox driver log is always forced to to: /home/omesharm/OracleDev/POC/RobotPoc/geckodriver-15.log</msg>
<kw name="Capture Page Screenshot" library="SeleniumLibrary">
<doc>Takes a screenshot of the current page and embeds it into a log file.</doc>
<msg timestamp="20220526 11:44:10.323" level="INFO" html="true">&lt;/td&gt;&lt;/tr&gt;&lt;tr&gt;&lt;td colspan="3"&gt;&lt;a href="selenium-screenshot-9.png"&gt;&lt;img src="selenium-screenshot-9.png" width="800px"&gt;&lt;/a&gt;</msg>
<status status="PASS" starttime="20220526 11:44:10.250" endtime="20220526 11:44:10.323"/>
</kw>
<msg timestamp="20220526 11:44:10.323" level="FAIL">InvalidArgumentException: Message: Malformed URL: URL constructor: &lt;a href=""&gt;http://&lt;/a&gt;localhost:7272/ is not a valid URL.
</msg>
<status status="FAIL" starttime="20220526 11:44:02.931" endtime="20220526 11:44:10.324"/>
</kw>
<kw name="Maximize Browser Window" library="SeleniumLibrary">
<doc>Maximizes current browser window.</doc>
<status status="NOT RUN" starttime="20220526 11:44:10.324" endtime="20220526 11:44:10.325"/>
</kw>
<kw name="Set Selenium Speed" library="SeleniumLibrary">
<arg>${DELAY}</arg>
<doc>Sets the delay that is waited after each Selenium command.</doc>
<status status="NOT RUN" starttime="20220526 11:44:10.325" endtime="20220526 11:44:10.325"/>
</kw>
<kw name="Login Page Should Be Open" library="resource">
<status status="NOT RUN" starttime="20220526 11:44:10.325" endtime="20220526 11:44:10.325"/>
</kw>
<status status="FAIL" starttime="20220526 11:44:02.929" endtime="20220526 11:44:10.330"/>
</kw>
<kw name="Input Username" library="resource">
<arg>demo</arg>
<status status="NOT RUN" starttime="20220526 11:44:10.332" endtime="20220526 11:44:10.332"/>
</kw>
<kw name="Input Password" library="resource">
<arg>mode</arg>
<status status="NOT RUN" starttime="20220526 11:44:10.333" endtime="20220526 11:44:10.334"/>
</kw>
<kw name="Submit Credentials" library="resource">
<status status="NOT RUN" starttime="20220526 11:44:10.334" endtime="20220526 11:44:10.334"/>
</kw>
<kw name="Welcome Page Should Be Open" library="resource">
<status status="NOT RUN" starttime="20220526 11:44:10.334" endtime="20220526 11:44:10.334"/>
</kw>
<kw name="Close Browser" library="SeleniumLibrary" type="TEARDOWN">
<doc>Closes the current browser.</doc>
<status status="PASS" starttime="20220526 11:44:10.336" endtime="20220526 11:44:11.731"/>
</kw>
<status status="FAIL" starttime="20220526 11:44:02.923" endtime="20220526 11:44:11.732">InvalidArgumentException: Message: Malformed URL: URL constructor: &lt;a href=""&gt;http://&lt;/a&gt;localhost:7272/ is not a valid URL.
</status>
</test>
<doc>A test suite with a single test for valid login.

This test has a workflow that is created using keywords in
the imported resource file.</doc>
<status status="FAIL" starttime="20220526 11:44:02.912" endtime="20220526 11:44:11.735"/>
</suite>
<status status="FAIL" starttime="20220526 11:43:51.291" endtime="20220526 11:44:11.737"/>
</suite>
<statistics>
<total>
<stat pass="0" fail="8" skip="0">All Tests</stat>
</total>
<tag>
</tag>
<suite>
<stat pass="0" fail="8" skip="0" id="s1" name="Tests">Tests</stat>
<stat pass="0" fail="1" skip="0" id="s1-s1" name="Gherkin Login">Tests.Gherkin Login</stat>
<stat pass="0" fail="6" skip="0" id="s1-s2" name="Invalid Login">Tests.Invalid Login</stat>
<stat pass="0" fail="1" skip="0" id="s1-s3" name="Valid Login">Tests.Valid Login</stat>
</suite>
</statistics>
<errors>
</errors>
</robot>
